<?xml version="1.0" encoding="UTF-8"?>
<coverage generated="1747565814850" clover="3.2.0">
  <project timestamp="1747565814850" name="All files">
    <metrics statements="39" coveredstatements="36" conditionals="14" coveredconditionals="12" methods="18" coveredmethods="17" elements="71" coveredelements="65" complexity="0" loc="39" ncloc="39" packages="3" files="11" classes="11"/>
    <package name="Hooks">
      <metrics statements="5" coveredstatements="2" conditionals="2" coveredconditionals="0" methods="1" coveredmethods="0"/>
      <file name="GetSearchedData.tsx" path="/Users/divyanshumamidwar/zellerApp/checkAPP/Hooks/GetSearchedData.tsx">
        <metrics statements="5" coveredstatements="2" conditionals="2" coveredconditionals="0" methods="1" coveredmethods="0"/>
        <line num="4" count="1" type="stmt"/>
        <line num="15" count="1" type="stmt"/>
        <line num="16" count="0" type="stmt"/>
        <line num="25" count="0" type="cond" truecount="0" falsecount="2"/>
        <line num="26" count="0" type="stmt"/>
      </file>
    </package>
    <package name="components.atoms">
      <metrics statements="23" coveredstatements="23" conditionals="8" coveredconditionals="8" methods="13" coveredmethods="13"/>
      <file name="Border.tsx" path="/Users/divyanshumamidwar/zellerApp/checkAPP/components/atoms/Border.tsx">
        <metrics statements="2" coveredstatements="2" conditionals="0" coveredconditionals="0" methods="1" coveredmethods="1"/>
        <line num="4" count="3" type="stmt"/>
        <line num="5" count="1" type="stmt"/>
      </file>
      <file name="Heading.tsx" path="/Users/divyanshumamidwar/zellerApp/checkAPP/components/atoms/Heading.tsx">
        <metrics statements="2" coveredstatements="2" conditionals="0" coveredconditionals="0" methods="1" coveredmethods="1"/>
        <line num="7" count="3" type="stmt"/>
        <line num="8" count="3" type="stmt"/>
      </file>
      <file name="NoUserFound.tsx" path="/Users/divyanshumamidwar/zellerApp/checkAPP/components/atoms/NoUserFound.tsx">
        <metrics statements="2" coveredstatements="2" conditionals="0" coveredconditionals="0" methods="1" coveredmethods="1"/>
        <line num="4" count="2" type="stmt"/>
        <line num="5" count="5" type="stmt"/>
      </file>
      <file name="User.tsx" path="/Users/divyanshumamidwar/zellerApp/checkAPP/components/atoms/User.tsx">
        <metrics statements="2" coveredstatements="2" conditionals="0" coveredconditionals="0" methods="1" coveredmethods="1"/>
        <line num="10" count="2" type="stmt"/>
        <line num="11" count="6" type="stmt"/>
      </file>
      <file name="UserList.tsx" path="/Users/divyanshumamidwar/zellerApp/checkAPP/components/atoms/UserList.tsx">
        <metrics statements="4" coveredstatements="4" conditionals="0" coveredconditionals="0" methods="3" coveredmethods="3"/>
        <line num="11" count="1" type="stmt"/>
        <line num="12" count="7" type="stmt"/>
        <line num="20" count="6" type="stmt"/>
        <line num="22" count="3" type="stmt"/>
      </file>
      <file name="UserSearch.tsx" path="/Users/divyanshumamidwar/zellerApp/checkAPP/components/atoms/UserSearch.tsx">
        <metrics statements="2" coveredstatements="2" conditionals="0" coveredconditionals="0" methods="1" coveredmethods="1"/>
        <line num="9" count="2" type="stmt"/>
        <line num="10" count="3" type="stmt"/>
      </file>
      <file name="UserType.tsx" path="/Users/divyanshumamidwar/zellerApp/checkAPP/components/atoms/UserType.tsx">
        <metrics statements="5" coveredstatements="5" conditionals="6" coveredconditionals="6" methods="2" coveredmethods="2"/>
        <line num="10" count="2" type="stmt"/>
        <line num="11" count="4" type="stmt"/>
        <line num="12" count="4" type="stmt"/>
        <line num="37" count="2" type="stmt"/>
        <line num="38" count="4" type="stmt"/>
      </file>
      <file name="UserTypes.tsx" path="/Users/divyanshumamidwar/zellerApp/checkAPP/components/atoms/UserTypes.tsx">
        <metrics statements="4" coveredstatements="4" conditionals="2" coveredconditionals="2" methods="3" coveredmethods="3"/>
        <line num="10" count="2" type="stmt"/>
        <line num="11" count="6" type="stmt"/>
        <line num="15" count="3" type="stmt"/>
        <line num="21" count="1" type="stmt"/>
      </file>
    </package>
    <package name="components.molecules">
      <metrics statements="11" coveredstatements="11" conditionals="4" coveredconditionals="4" methods="4" coveredmethods="4"/>
      <file name="AdminSection.tsx" path="/Users/divyanshumamidwar/zellerApp/checkAPP/components/molecules/AdminSection.tsx">
        <metrics statements="9" coveredstatements="9" conditionals="4" coveredconditionals="4" methods="3" coveredmethods="3"/>
        <line num="13" count="1" type="stmt"/>
        <line num="14" count="4" type="stmt"/>
        <line num="15" count="4" type="stmt"/>
        <line num="16" count="4" type="stmt"/>
        <line num="18" count="4" type="stmt"/>
        <line num="19" count="1" type="stmt"/>
        <line num="22" count="4" type="stmt"/>
        <line num="23" count="4" type="stmt"/>
        <line num="37" count="1" type="stmt"/>
      </file>
      <file name="UserTypesSection.tsx" path="/Users/divyanshumamidwar/zellerApp/checkAPP/components/molecules/UserTypesSection.tsx">
        <metrics statements="2" coveredstatements="2" conditionals="0" coveredconditionals="0" methods="1" coveredmethods="1"/>
        <line num="13" count="1" type="stmt"/>
        <line num="14" count="7" type="stmt"/>
      </file>
    </package>
  </project>
</coverage>
