{"/Users/divyanshumamidwar/zellerApp/checkAPP/Hooks/GetSearchedData.tsx": {"path":"/Users/divyanshumamidwar/zellerApp/checkAPP/Hooks/GetSearchedData.tsx","statementMap":{"0":{"start":{"line":4,"column":23},"end":{"line":14,"column":1}},"1":{"start":{"line":15,"column":27},"end":{"line":32,"column":1}},"2":{"start":{"line":16,"column":44},"end":{"line":23,"column":4}},"3":{"start":{"line":25,"column":33},"end":{"line":25,"column":71}},"4":{"start":{"line":26,"column":2},"end":{"line":31,"column":4}}},"fnMap":{"0":{"name":"(anonymous_0)","decl":{"start":{"line":15,"column":27},"end":{"line":15,"column":28}},"loc":{"start":{"line":15,"column":62},"end":{"line":32,"column":1}},"line":15}},"branchMap":{"0":{"loc":{"start":{"line":25,"column":33},"end":{"line":25,"column":71}},"type":"binary-expr","locations":[{"start":{"line":25,"column":33},"end":{"line":25,"column":65}},{"start":{"line":25,"column":69},"end":{"line":25,"column":71}}],"line":25}},"s":{"0":1,"1":1,"2":0,"3":0,"4":0},"f":{"0":0},"b":{"0":[0,0]},"_coverageSchema":"1a1c01bbd47fc00a2c39e90264f33305004495a9","hash":"c5d6477d993738bee41ae678051dfaabfa736204"}
,"/Users/divyanshumamidwar/zellerApp/checkAPP/components/atoms/Border.tsx": {"path":"/Users/divyanshumamidwar/zellerApp/checkAPP/components/atoms/Border.tsx","statementMap":{"0":{"start":{"line":4,"column":15},"end":{"line":16,"column":1}},"1":{"start":{"line":5,"column":2},"end":{"line":15,"column":4}}},"fnMap":{"0":{"name":"(anonymous_0)","decl":{"start":{"line":4,"column":15},"end":{"line":4,"column":16}},"loc":{"start":{"line":4,"column":21},"end":{"line":16,"column":1}},"line":4}},"branchMap":{},"s":{"0":3,"1":1},"f":{"0":1},"b":{},"_coverageSchema":"1a1c01bbd47fc00a2c39e90264f33305004495a9","hash":"18332f3c890e23be5fa624bfeb5f393513791853"}
,"/Users/divyanshumamidwar/zellerApp/checkAPP/components/atoms/Heading.tsx": {"path":"/Users/divyanshumamidwar/zellerApp/checkAPP/components/atoms/Heading.tsx","statementMap":{"0":{"start":{"line":7,"column":16},"end":{"line":16,"column":1}},"1":{"start":{"line":8,"column":2},"end":{"line":15,"column":4}}},"fnMap":{"0":{"name":"(anonymous_0)","decl":{"start":{"line":7,"column":16},"end":{"line":7,"column":17}},"loc":{"start":{"line":7,"column":41},"end":{"line":16,"column":1}},"line":7}},"branchMap":{},"s":{"0":3,"1":3},"f":{"0":3},"b":{},"_coverageSchema":"1a1c01bbd47fc00a2c39e90264f33305004495a9","hash":"7714392330ebe59c110d495d013b0c354f3dedd1"}
,"/Users/divyanshumamidwar/zellerApp/checkAPP/components/atoms/NoUserFound.tsx": {"path":"/Users/divyanshumamidwar/zellerApp/checkAPP/components/atoms/NoUserFound.tsx","statementMap":{"0":{"start":{"line":4,"column":20},"end":{"line":10,"column":1}},"1":{"start":{"line":5,"column":2},"end":{"line":9,"column":4}}},"fnMap":{"0":{"name":"(anonymous_0)","decl":{"start":{"line":4,"column":20},"end":{"line":4,"column":21}},"loc":{"start":{"line":4,"column":26},"end":{"line":10,"column":1}},"line":4}},"branchMap":{},"s":{"0":2,"1":5},"f":{"0":5},"b":{},"_coverageSchema":"1a1c01bbd47fc00a2c39e90264f33305004495a9","hash":"ce39fd57fe0c3fe07b9b181e37b0391820a9f41c"}
,"/Users/divyanshumamidwar/zellerApp/checkAPP/components/atoms/User.tsx": {"path":"/Users/divyanshumamidwar/zellerApp/checkAPP/components/atoms/User.tsx","statementMap":{"0":{"start":{"line":10,"column":13},"end":{"line":40,"column":1}},"1":{"start":{"line":11,"column":2},"end":{"line":39,"column":4}}},"fnMap":{"0":{"name":"(anonymous_0)","decl":{"start":{"line":10,"column":13},"end":{"line":10,"column":14}},"loc":{"start":{"line":10,"column":35},"end":{"line":40,"column":1}},"line":10}},"branchMap":{},"s":{"0":2,"1":6},"f":{"0":6},"b":{},"_coverageSchema":"1a1c01bbd47fc00a2c39e90264f33305004495a9","hash":"6ef6dc4ca6feb7cbcbe81400a4ad2f005856b156"}
,"/Users/divyanshumamidwar/zellerApp/checkAPP/components/atoms/UserList.tsx": {"path":"/Users/divyanshumamidwar/zellerApp/checkAPP/components/atoms/UserList.tsx","statementMap":{"0":{"start":{"line":11,"column":17},"end":{"line":30,"column":1}},"1":{"start":{"line":12,"column":2},"end":{"line":29,"column":4}},"2":{"start":{"line":20,"column":43},"end":{"line":20,"column":51}},"3":{"start":{"line":22,"column":10},"end":{"line":22,"column":76}}},"fnMap":{"0":{"name":"(anonymous_0)","decl":{"start":{"line":11,"column":17},"end":{"line":11,"column":18}},"loc":{"start":{"line":11,"column":43},"end":{"line":30,"column":1}},"line":11},"1":{"name":"(anonymous_1)","decl":{"start":{"line":20,"column":22},"end":{"line":20,"column":23}},"loc":{"start":{"line":20,"column":43},"end":{"line":20,"column":51}},"line":20},"2":{"name":"(anonymous_2)","decl":{"start":{"line":21,"column":20},"end":{"line":21,"column":21}},"loc":{"start":{"line":21,"column":55},"end":{"line":23,"column":9}},"line":21}},"branchMap":{},"s":{"0":1,"1":7,"2":6,"3":3},"f":{"0":7,"1":6,"2":3},"b":{},"_coverageSchema":"1a1c01bbd47fc00a2c39e90264f33305004495a9","hash":"78312637ab21ea847c6e92d56c23be6c15d0f6a2"}
,"/Users/divyanshumamidwar/zellerApp/checkAPP/components/atoms/UserSearch.tsx": {"path":"/Users/divyanshumamidwar/zellerApp/checkAPP/components/atoms/UserSearch.tsx","statementMap":{"0":{"start":{"line":9,"column":19},"end":{"line":27,"column":1}},"1":{"start":{"line":10,"column":2},"end":{"line":26,"column":4}}},"fnMap":{"0":{"name":"(anonymous_0)","decl":{"start":{"line":9,"column":19},"end":{"line":9,"column":20}},"loc":{"start":{"line":9,"column":47},"end":{"line":27,"column":1}},"line":9}},"branchMap":{},"s":{"0":2,"1":3},"f":{"0":3},"b":{},"_coverageSchema":"1a1c01bbd47fc00a2c39e90264f33305004495a9","hash":"3b2055fa35c0aedec7c2a9abf2d2db06510cdfe2"}
,"/Users/divyanshumamidwar/zellerApp/checkAPP/components/atoms/UserType.tsx": {"path":"/Users/divyanshumamidwar/zellerApp/checkAPP/components/atoms/UserType.tsx","statementMap":{"0":{"start":{"line":10,"column":17},"end":{"line":33,"column":1}},"1":{"start":{"line":11,"column":17},"end":{"line":11,"column":35}},"2":{"start":{"line":12,"column":2},"end":{"line":32,"column":4}},"3":{"start":{"line":37,"column":14},"end":{"line":45,"column":4}},"4":{"start":{"line":38,"column":2},"end":{"line":45,"column":4}}},"fnMap":{"0":{"name":"(anonymous_0)","decl":{"start":{"line":10,"column":17},"end":{"line":10,"column":18}},"loc":{"start":{"line":10,"column":43},"end":{"line":33,"column":1}},"line":10},"1":{"name":"(anonymous_1)","decl":{"start":{"line":37,"column":14},"end":{"line":37,"column":15}},"loc":{"start":{"line":38,"column":2},"end":{"line":45,"column":4}},"line":38}},"branchMap":{"0":{"loc":{"start":{"line":20,"column":14},"end":{"line":20,"column":77}},"type":"cond-expr","locations":[{"start":{"line":20,"column":28},"end":{"line":20,"column":50}},{"start":{"line":20,"column":53},"end":{"line":20,"column":77}}],"line":20},"1":{"loc":{"start":{"line":22,"column":15},"end":{"line":22,"column":50}},"type":"cond-expr","locations":[{"start":{"line":22,"column":29},"end":{"line":22,"column":38}},{"start":{"line":22,"column":41},"end":{"line":22,"column":50}}],"line":22},"2":{"loc":{"start":{"line":40,"column":23},"end":{"line":40,"column":52}},"type":"cond-expr","locations":[{"start":{"line":40,"column":31},"end":{"line":40,"column":40}},{"start":{"line":40,"column":43},"end":{"line":40,"column":52}}],"line":40}},"s":{"0":2,"1":4,"2":4,"3":2,"4":4},"f":{"0":4,"1":4},"b":{"0":[1,3],"1":[1,3],"2":[1,3]},"_coverageSchema":"1a1c01bbd47fc00a2c39e90264f33305004495a9","hash":"249c72f206384d8be1e4a1f9e6f7ee26630a5389"}
,"/Users/divyanshumamidwar/zellerApp/checkAPP/components/atoms/UserTypes.tsx": {"path":"/Users/divyanshumamidwar/zellerApp/checkAPP/components/atoms/UserTypes.tsx","statementMap":{"0":{"start":{"line":10,"column":18},"end":{"line":29,"column":1}},"1":{"start":{"line":11,"column":2},"end":{"line":28,"column":4}},"2":{"start":{"line":15,"column":10},"end":{"line":25,"column":12}},"3":{"start":{"line":21,"column":18},"end":{"line":21,"column":45}}},"fnMap":{"0":{"name":"(anonymous_0)","decl":{"start":{"line":10,"column":18},"end":{"line":10,"column":19}},"loc":{"start":{"line":10,"column":45},"end":{"line":29,"column":1}},"line":10},"1":{"name":"(anonymous_1)","decl":{"start":{"line":14,"column":27},"end":{"line":14,"column":28}},"loc":{"start":{"line":14,"column":49},"end":{"line":26,"column":9}},"line":14},"2":{"name":"(anonymous_2)","decl":{"start":{"line":20,"column":25},"end":{"line":20,"column":26}},"loc":{"start":{"line":20,"column":31},"end":{"line":22,"column":17}},"line":20}},"branchMap":{"0":{"loc":{"start":{"line":13,"column":7},"end":{"line":26,"column":10}},"type":"binary-expr","locations":[{"start":{"line":13,"column":7},"end":{"line":13,"column":35}},{"start":{"line":14,"column":8},"end":{"line":26,"column":10}}],"line":13}},"s":{"0":2,"1":6,"2":3,"3":1},"f":{"0":6,"1":3,"2":1},"b":{"0":[6,3]},"_coverageSchema":"1a1c01bbd47fc00a2c39e90264f33305004495a9","hash":"d2a363ecf5db46800d9952993be300095f6096f9"}
,"/Users/divyanshumamidwar/zellerApp/checkAPP/components/molecules/AdminSection.tsx": {"path":"/Users/divyanshumamidwar/zellerApp/checkAPP/components/molecules/AdminSection.tsx","statementMap":{"0":{"start":{"line":13,"column":21},"end":{"line":52,"column":1}},"1":{"start":{"line":14,"column":30},"end":{"line":14,"column":42}},"2":{"start":{"line":15,"column":42},"end":{"line":15,"column":88}},"3":{"start":{"line":16,"column":38},"end":{"line":16,"column":53}},"4":{"start":{"line":18,"column":20},"end":{"line":20,"column":15}},"5":{"start":{"line":19,"column":4},"end":{"line":19,"column":21}},"6":{"start":{"line":22,"column":2},"end":{"line":22,"column":33}},"7":{"start":{"line":23,"column":2},"end":{"line":51,"column":4}},"8":{"start":{"line":37,"column":25},"end":{"line":37,"column":51}}},"fnMap":{"0":{"name":"(anonymous_0)","decl":{"start":{"line":13,"column":21},"end":{"line":13,"column":22}},"loc":{"start":{"line":13,"column":51},"end":{"line":52,"column":1}},"line":13},"1":{"name":"(anonymous_1)","decl":{"start":{"line":18,"column":32},"end":{"line":18,"column":33}},"loc":{"start":{"line":18,"column":38},"end":{"line":20,"column":3}},"line":18},"2":{"name":"(anonymous_2)","decl":{"start":{"line":37,"column":19},"end":{"line":37,"column":20}},"loc":{"start":{"line":37,"column":25},"end":{"line":37,"column":51}},"line":37}},"branchMap":{"0":{"loc":{"start":{"line":41,"column":7},"end":{"line":46,"column":7}},"type":"binary-expr","locations":[{"start":{"line":41,"column":7},"end":{"line":41,"column":17}},{"start":{"line":42,"column":8},"end":{"line":45,"column":10}}],"line":41},"1":{"loc":{"start":{"line":48,"column":7},"end":{"line":48,"column":96}},"type":"binary-expr","locations":[{"start":{"line":48,"column":7},"end":{"line":48,"column":15}},{"start":{"line":48,"column":19},"end":{"line":48,"column":96}}],"line":48}},"s":{"0":1,"1":4,"2":4,"3":4,"4":4,"5":1,"6":4,"7":4,"8":1},"f":{"0":4,"1":1,"2":1},"b":{"0":[4,1],"1":[4,4]},"_coverageSchema":"1a1c01bbd47fc00a2c39e90264f33305004495a9","hash":"c2e91301d72c9b017a0193083f63785afdb48e68"}
,"/Users/divyanshumamidwar/zellerApp/checkAPP/components/molecules/UserTypesSection.tsx": {"path":"/Users/divyanshumamidwar/zellerApp/checkAPP/components/molecules/UserTypesSection.tsx","statementMap":{"0":{"start":{"line":13,"column":25},"end":{"line":25,"column":1}},"1":{"start":{"line":14,"column":2},"end":{"line":24,"column":4}}},"fnMap":{"0":{"name":"(anonymous_0)","decl":{"start":{"line":13,"column":25},"end":{"line":13,"column":26}},"loc":{"start":{"line":13,"column":59},"end":{"line":25,"column":1}},"line":13}},"branchMap":{},"s":{"0":1,"1":7},"f":{"0":7},"b":{},"_coverageSchema":"1a1c01bbd47fc00a2c39e90264f33305004495a9","hash":"e66ee3607bc4f5ffd5b8c470aabb564050525664"}
}
