TN:
SF:Hooks/GetSearchedData.tsx
FN:15,(anonymous_0)
FNF:1
FNH:0
FNDA:0,(anonymous_0)
DA:4,1
DA:15,1
DA:16,0
DA:25,0
DA:26,0
LF:5
LH:2
BRDA:25,0,0,0
BRDA:25,0,1,0
BRF:2
BRH:0
end_of_record
TN:
SF:components/atoms/Border.tsx
FN:4,(anonymous_0)
FNF:1
FNH:1
FNDA:1,(anonymous_0)
DA:4,3
DA:5,1
LF:2
LH:2
BRF:0
BRH:0
end_of_record
TN:
SF:components/atoms/Heading.tsx
FN:7,(anonymous_0)
FNF:1
FNH:1
FNDA:3,(anonymous_0)
DA:7,3
DA:8,3
LF:2
LH:2
BRF:0
BRH:0
end_of_record
TN:
SF:components/atoms/NoUserFound.tsx
FN:4,(anonymous_0)
FNF:1
FNH:1
FNDA:5,(anonymous_0)
DA:4,2
DA:5,5
LF:2
LH:2
BRF:0
BRH:0
end_of_record
TN:
SF:components/atoms/User.tsx
FN:10,(anonymous_0)
FNF:1
FNH:1
FNDA:6,(anonymous_0)
DA:10,2
DA:11,6
LF:2
LH:2
BRF:0
BRH:0
end_of_record
TN:
SF:components/atoms/UserList.tsx
FN:11,(anonymous_0)
FN:20,(anonymous_1)
FN:21,(anonymous_2)
FNF:3
FNH:3
FNDA:7,(anonymous_0)
FNDA:6,(anonymous_1)
FNDA:3,(anonymous_2)
DA:11,1
DA:12,7
DA:20,6
DA:22,3
LF:4
LH:4
BRF:0
BRH:0
end_of_record
TN:
SF:components/atoms/UserSearch.tsx
FN:9,(anonymous_0)
FNF:1
FNH:1
FNDA:3,(anonymous_0)
DA:9,2
DA:10,3
LF:2
LH:2
BRF:0
BRH:0
end_of_record
TN:
SF:components/atoms/UserType.tsx
FN:10,(anonymous_0)
FN:37,(anonymous_1)
FNF:2
FNH:2
FNDA:4,(anonymous_0)
FNDA:4,(anonymous_1)
DA:10,2
DA:11,4
DA:12,4
DA:37,2
DA:38,4
LF:5
LH:5
BRDA:20,0,0,1
BRDA:20,0,1,3
BRDA:22,1,0,1
BRDA:22,1,1,3
BRDA:40,2,0,1
BRDA:40,2,1,3
BRF:6
BRH:6
end_of_record
TN:
SF:components/atoms/UserTypes.tsx
FN:10,(anonymous_0)
FN:14,(anonymous_1)
FN:20,(anonymous_2)
FNF:3
FNH:3
FNDA:6,(anonymous_0)
FNDA:3,(anonymous_1)
FNDA:1,(anonymous_2)
DA:10,2
DA:11,6
DA:15,3
DA:21,1
LF:4
LH:4
BRDA:13,0,0,6
BRDA:13,0,1,3
BRF:2
BRH:2
end_of_record
TN:
SF:components/molecules/AdminSection.tsx
FN:13,(anonymous_0)
FN:18,(anonymous_1)
FN:37,(anonymous_2)
FNF:3
FNH:3
FNDA:4,(anonymous_0)
FNDA:1,(anonymous_1)
FNDA:1,(anonymous_2)
DA:13,1
DA:14,4
DA:15,4
DA:16,4
DA:18,4
DA:19,1
DA:22,4
DA:23,4
DA:37,1
LF:9
LH:9
BRDA:41,0,0,4
BRDA:41,0,1,1
BRDA:48,1,0,4
BRDA:48,1,1,4
BRF:4
BRH:4
end_of_record
TN:
SF:components/molecules/UserTypesSection.tsx
FN:13,(anonymous_0)
FNF:1
FNH:1
FNDA:7,(anonymous_0)
DA:13,1
DA:14,7
LF:2
LH:2
BRF:0
BRH:0
end_of_record
